========= Den Baum mit Zahlen Befüllen =========
30 wird eingefuegt...
70 wird eingefuegt...
25 wird eingefuegt...
25 wird eingefuegt...
35 wird eingefuegt...
35 wird eingefuegt...
65 wird eingefuegt...
65 wird eingefuegt...
75 wird eingefuegt...
75 wird eingefuegt...
275 wird eingefuegt...
275 wird eingefuegt...
275 wird eingefuegt...
274 wird eingefuegt...
274 wird eingefuegt...
Doppelterechtsrotation an Node: 75
Rechtsrotation an Node: 275
Linksrotation an Node: 75
274 wird eingefuegt...
274 wird eingefuegt...
1 wird eingefuegt...
1 wird eingefuegt...
1 wird eingefuegt...
273 wird eingefuegt...
273 wird eingefuegt...
273 wird eingefuegt...
Doppelterechtsrotation an Node: 70
Rechtsrotation an Node: 274
Linksrotation an Node: 70
273 wird eingefuegt...
3 wird eingefuegt...
3 wird eingefuegt...
Doppeltelinksrotation an Node: 25
Linksrotation an Node: 1
Rechtsrotation an Node: 25
3 wird eingefuegt...
3 wird eingefuegt...
279 wird eingefuegt...
279 wird eingefuegt...
279 wird eingefuegt...
279 wird eingefuegt...
4 wird eingefuegt...
4 wird eingefuegt...
4 wird eingefuegt...
Doppeltelinksrotation an Node: 30
Linksrotation an Node: 3
Rechtsrotation an Node: 30
4 wird eingefuegt...
5 wird eingefuegt...
5 wird eingefuegt...
5 wird eingefuegt...
5 wird eingefuegt...
6 wird eingefuegt...
6 wird eingefuegt...
Linksrotation an Node: 4
6 wird eingefuegt...
6 wird eingefuegt...
6 wird eingefuegt...
277 wird eingefuegt...
277 wird eingefuegt...
Doppelterechtsrotation an Node: 275
Rechtsrotation an Node: 279
Linksrotation an Node: 275
277 wird eingefuegt...
277 wird eingefuegt...
277 wird eingefuegt...
276 wird eingefuegt...
276 wird eingefuegt...
276 wird eingefuegt...
Doppelterechtsrotation an Node: 274
Rechtsrotation an Node: 277
Linksrotation an Node: 274
276 wird eingefuegt...
276 wird eingefuegt...
7 wird eingefuegt...
7 wird eingefuegt...
7 wird eingefuegt...
Linksrotation an Node: 3
7 wird eingefuegt...
7 wird eingefuegt...
283 wird eingefuegt...
283 wird eingefuegt...
283 wird eingefuegt...
283 wird eingefuegt...
Linksrotation an Node: 75
283 wird eingefuegt...
9 wird eingefuegt...
9 wird eingefuegt...
Linksrotation an Node: 6
9 wird eingefuegt...
9 wird eingefuegt...
9 wird eingefuegt...
281 wird eingefuegt...
281 wird eingefuegt...
Doppelterechtsrotation an Node: 279
Rechtsrotation an Node: 283
Linksrotation an Node: 279
281 wird eingefuegt...
281 wird eingefuegt...
281 wird eingefuegt...
280 wird eingefuegt...
280 wird eingefuegt...
280 wird eingefuegt...
Doppelterechtsrotation an Node: 277
Rechtsrotation an Node: 281
Linksrotation an Node: 277
280 wird eingefuegt...
280 wird eingefuegt...
287 wird eingefuegt...
287 wird eingefuegt...
287 wird eingefuegt...
287 wird eingefuegt...
287 wird eingefuegt...
12 wird eingefuegt...
12 wird eingefuegt...
12 wird eingefuegt...
12 wird eingefuegt...
Doppeltelinksrotation an Node: 25
Linksrotation an Node: 5
Rechtsrotation an Node: 25
12 wird eingefuegt...
14 wird eingefuegt...
14 wird eingefuegt...
Linksrotation an Node: 9
14 wird eingefuegt...
14 wird eingefuegt...
14 wird eingefuegt...
285 wird eingefuegt...
285 wird eingefuegt...
Doppelterechtsrotation an Node: 283
Rechtsrotation an Node: 287
Linksrotation an Node: 283
285 wird eingefuegt...
285 wird eingefuegt...
285 wird eingefuegt...
285 wird eingefuegt...
284 wird eingefuegt...
284 wird eingefuegt...
284 wird eingefuegt...
Doppelterechtsrotation an Node: 281
Rechtsrotation an Node: 285
Linksrotation an Node: 281
284 wird eingefuegt...
284 wird eingefuegt...
284 wird eingefuegt...
258 wird eingefuegt...
258 wird eingefuegt...
Rechtsrotation an Node: 274
258 wird eingefuegt...
258 wird eingefuegt...
258 wird eingefuegt...
17 wird eingefuegt...
17 wird eingefuegt...
17 wird eingefuegt...
17 wird eingefuegt...
17 wird eingefuegt...
16 wird eingefuegt...
16 wird eingefuegt...
Doppelterechtsrotation an Node: 14
Rechtsrotation an Node: 17
Linksrotation an Node: 14
16 wird eingefuegt...
16 wird eingefuegt...
16 wird eingefuegt...
16 wird eingefuegt...
259 wird eingefuegt...
259 wird eingefuegt...
259 wird eingefuegt...
259 wird eingefuegt...
259 wird eingefuegt...
19 wird eingefuegt...
19 wird eingefuegt...
19 wird eingefuegt...
Linksrotation an Node: 12
19 wird eingefuegt...
19 wird eingefuegt...
19 wird eingefuegt...
257 wird eingefuegt...
257 wird eingefuegt...
257 wird eingefuegt...
257 wird eingefuegt...
257 wird eingefuegt...
262 wird eingefuegt...
262 wird eingefuegt...
262 wird eingefuegt...
Doppeltelinksrotation an Node: 273
Linksrotation an Node: 258
Rechtsrotation an Node: 273
262 wird eingefuegt...
262 wird eingefuegt...
262 wird eingefuegt...
260 wird eingefuegt...
260 wird eingefuegt...
260 wird eingefuegt...
260 wird eingefuegt...
Linksrotation an Node: 75
260 wird eingefuegt...
260 wird eingefuegt...
266 wird eingefuegt...
266 wird eingefuegt...
266 wird eingefuegt...
266 wird eingefuegt...
266 wird eingefuegt...
267 wird eingefuegt...
267 wird eingefuegt...
267 wird eingefuegt...
Doppeltelinksrotation an Node: 273
Linksrotation an Node: 262
Rechtsrotation an Node: 273
267 wird eingefuegt...
267 wird eingefuegt...
267 wird eingefuegt...
264 wird eingefuegt...
264 wird eingefuegt...
264 wird eingefuegt...
264 wird eingefuegt...
264 wird eingefuegt...
265 wird eingefuegt...
265 wird eingefuegt...
265 wird eingefuegt...
265 wird eingefuegt...
265 wird eingefuegt...
265 wird eingefuegt...
270 wird eingefuegt...
270 wird eingefuegt...
270 wird eingefuegt...
270 wird eingefuegt...
270 wird eingefuegt...
270 wird eingefuegt...
29 wird eingefuegt...
29 wird eingefuegt...
29 wird eingefuegt...
29 wird eingefuegt...
271 wird eingefuegt...
271 wird eingefuegt...
Linksrotation an Node: 267
271 wird eingefuegt...
271 wird eingefuegt...
271 wird eingefuegt...
271 wird eingefuegt...
271 wird eingefuegt...
30 wird eingefuegt...
30 wird eingefuegt...
30 wird eingefuegt...
30 wird eingefuegt...
30 wird eingefuegt...
269 wird eingefuegt...
269 wird eingefuegt...
269 wird eingefuegt...
Rechtsrotation an Node: 273
269 wird eingefuegt...
269 wird eingefuegt...
269 wird eingefuegt...
269 wird eingefuegt...
35 wird eingefuegt...
35 wird eingefuegt...
35 wird eingefuegt...
35 wird eingefuegt...
35 wird eingefuegt...
32 wird eingefuegt...
32 wird eingefuegt...
32 wird eingefuegt...
Doppelterechtsrotation an Node: 30
Rechtsrotation an Node: 35
Linksrotation an Node: 30
32 wird eingefuegt...
32 wird eingefuegt...
32 wird eingefuegt...
38 wird eingefuegt...
38 wird eingefuegt...
38 wird eingefuegt...
38 wird eingefuegt...
38 wird eingefuegt...
Linksrotation an Node: 7
38 wird eingefuegt...
39 wird eingefuegt...
39 wird eingefuegt...
Linksrotation an Node: 35
39 wird eingefuegt...
39 wird eingefuegt...
39 wird eingefuegt...
39 wird eingefuegt...
36 wird eingefuegt...
36 wird eingefuegt...
36 wird eingefuegt...
Doppelterechtsrotation an Node: 35
Rechtsrotation an Node: 38
Linksrotation an Node: 35
36 wird eingefuegt...
36 wird eingefuegt...
36 wird eingefuegt...
42 wird eingefuegt...
42 wird eingefuegt...
42 wird eingefuegt...
42 wird eingefuegt...
Linksrotation an Node: 30
42 wird eingefuegt...
42 wird eingefuegt...
43 wird eingefuegt...
43 wird eingefuegt...
Linksrotation an Node: 39
43 wird eingefuegt...
43 wird eingefuegt...
43 wird eingefuegt...
43 wird eingefuegt...
41 wird eingefuegt...
41 wird eingefuegt...
41 wird eingefuegt...
Doppelterechtsrotation an Node: 38
Rechtsrotation an Node: 42
Linksrotation an Node: 38
41 wird eingefuegt...
41 wird eingefuegt...
41 wird eingefuegt...
46 wird eingefuegt...
46 wird eingefuegt...
46 wird eingefuegt...
46 wird eingefuegt...
46 wird eingefuegt...
46 wird eingefuegt...
288 wird eingefuegt...
288 wird eingefuegt...
288 wird eingefuegt...
288 wird eingefuegt...
Linksrotation an Node: 279
288 wird eingefuegt...
288 wird eingefuegt...
50 wird eingefuegt...
50 wird eingefuegt...
Rechtsrotation an Node: 70
50 wird eingefuegt...
50 wird eingefuegt...
50 wird eingefuegt...
50 wird eingefuegt...
290 wird eingefuegt...
290 wird eingefuegt...
Linksrotation an Node: 287
290 wird eingefuegt...
290 wird eingefuegt...
290 wird eingefuegt...
290 wird eingefuegt...
49 wird eingefuegt...
49 wird eingefuegt...
Linksrotation an Node: 43
49 wird eingefuegt...
49 wird eingefuegt...
49 wird eingefuegt...
49 wird eingefuegt...
49 wird eingefuegt...
48 wird eingefuegt...
48 wird eingefuegt...
48 wird eingefuegt...
Linksrotation an Node: 42
48 wird eingefuegt...
48 wird eingefuegt...
48 wird eingefuegt...
48 wird eingefuegt...
291 wird eingefuegt...
291 wird eingefuegt...
291 wird eingefuegt...
Linksrotation an Node: 285
291 wird eingefuegt...
291 wird eingefuegt...
291 wird eingefuegt...
55 wird eingefuegt...
55 wird eingefuegt...
55 wird eingefuegt...
55 wird eingefuegt...
55 wird eingefuegt...
55 wird eingefuegt...
53 wird eingefuegt...
53 wird eingefuegt...
Doppelterechtsrotation an Node: 50
Rechtsrotation an Node: 55
Linksrotation an Node: 50
53 wird eingefuegt...
53 wird eingefuegt...
53 wird eingefuegt...
53 wird eingefuegt...
53 wird eingefuegt...
52 wird eingefuegt...
52 wird eingefuegt...
52 wird eingefuegt...
Rechtsrotation an Node: 65
52 wird eingefuegt...
52 wird eingefuegt...
52 wird eingefuegt...
52 wird eingefuegt...
296 wird eingefuegt...
296 wird eingefuegt...
Linksrotation an Node: 290
296 wird eingefuegt...
296 wird eingefuegt...
296 wird eingefuegt...
296 wird eingefuegt...
297 wird eingefuegt...
297 wird eingefuegt...
297 wird eingefuegt...
297 wird eingefuegt...
297 wird eingefuegt...
297 wird eingefuegt...
56 wird eingefuegt...
56 wird eingefuegt...
56 wird eingefuegt...
56 wird eingefuegt...
Doppeltelinksrotation an Node: 75
Linksrotation an Node: 53
Rechtsrotation an Node: 75
56 wird eingefuegt...
56 wird eingefuegt...
56 wird eingefuegt...
299 wird eingefuegt...
299 wird eingefuegt...
Linksrotation an Node: 296
299 wird eingefuegt...
299 wird eingefuegt...
299 wird eingefuegt...
299 wird eingefuegt...
299 wird eingefuegt...
68 wird eingefuegt...
68 wird eingefuegt...
68 wird eingefuegt...
68 wird eingefuegt...
68 wird eingefuegt...
68 wird eingefuegt...
69 wird eingefuegt...
69 wird eingefuegt...
Doppeltelinksrotation an Node: 70
Linksrotation an Node: 68
Rechtsrotation an Node: 70
69 wird eingefuegt...
69 wird eingefuegt...
69 wird eingefuegt...
69 wird eingefuegt...
69 wird eingefuegt...
70 wird eingefuegt...
70 wird eingefuegt...
70 wird eingefuegt...
70 wird eingefuegt...
70 wird eingefuegt...
70 wird eingefuegt...
70 wird eingefuegt...
64 wird eingefuegt...
64 wird eingefuegt...
Linksrotation an Node: 55
64 wird eingefuegt...
64 wird eingefuegt...
64 wird eingefuegt...
64 wird eingefuegt...
64 wird eingefuegt...
65 wird eingefuegt...
65 wird eingefuegt...
65 wird eingefuegt...
65 wird eingefuegt...
65 wird eingefuegt...
65 wird eingefuegt...
65 wird eingefuegt...
66 wird eingefuegt...
66 wird eingefuegt...
Doppeltelinksrotation an Node: 68
Linksrotation an Node: 65
Rechtsrotation an Node: 68
66 wird eingefuegt...
66 wird eingefuegt...
66 wird eingefuegt...
66 wird eingefuegt...
66 wird eingefuegt...
66 wird eingefuegt...
67 wird eingefuegt...
67 wird eingefuegt...
67 wird eingefuegt...
67 wird eingefuegt...
Rechtsrotation an Node: 75
67 wird eingefuegt...
67 wird eingefuegt...
67 wird eingefuegt...
67 wird eingefuegt...
77 wird eingefuegt...
77 wird eingefuegt...
Rechtsrotation an Node: 258
77 wird eingefuegt...
77 wird eingefuegt...
77 wird eingefuegt...
77 wird eingefuegt...
77 wird eingefuegt...
77 wird eingefuegt...
72 wird eingefuegt...
72 wird eingefuegt...
Linksrotation an Node: 70
72 wird eingefuegt...
72 wird eingefuegt...
72 wird eingefuegt...
72 wird eingefuegt...
72 wird eingefuegt...
72 wird eingefuegt...
73 wird eingefuegt...
73 wird eingefuegt...
73 wird eingefuegt...
73 wird eingefuegt...
73 wird eingefuegt...
Linksrotation an Node: 65
73 wird eingefuegt...
73 wird eingefuegt...
73 wird eingefuegt...
74 wird eingefuegt...
74 wird eingefuegt...
Linksrotation an Node: 72
74 wird eingefuegt...
74 wird eingefuegt...
74 wird eingefuegt...
74 wird eingefuegt...
74 wird eingefuegt...
74 wird eingefuegt...
85 wird eingefuegt...
85 wird eingefuegt...
85 wird eingefuegt...
85 wird eingefuegt...
85 wird eingefuegt...
85 wird eingefuegt...
85 wird eingefuegt...
84 wird eingefuegt...
84 wird eingefuegt...
Doppelterechtsrotation an Node: 77
Rechtsrotation an Node: 85
Linksrotation an Node: 77
84 wird eingefuegt...
84 wird eingefuegt...
84 wird eingefuegt...
84 wird eingefuegt...
84 wird eingefuegt...
84 wird eingefuegt...
87 wird eingefuegt...
87 wird eingefuegt...
87 wird eingefuegt...
Doppeltelinksrotation an Node: 257
Linksrotation an Node: 84
Rechtsrotation an Node: 257
87 wird eingefuegt...
87 wird eingefuegt...
87 wird eingefuegt...
87 wird eingefuegt...
87 wird eingefuegt...
80 wird eingefuegt...
80 wird eingefuegt...
Doppeltelinksrotation an Node: 84
Linksrotation an Node: 77
Rechtsrotation an Node: 84
80 wird eingefuegt...
80 wird eingefuegt...
80 wird eingefuegt...
80 wird eingefuegt...
80 wird eingefuegt...
80 wird eingefuegt...
83 wird eingefuegt...
83 wird eingefuegt...
83 wird eingefuegt...
83 wird eingefuegt...
83 wird eingefuegt...
83 wird eingefuegt...
Doppeltelinksrotation an Node: 259
Linksrotation an Node: 69
Rechtsrotation an Node: 259
83 wird eingefuegt...
83 wird eingefuegt...
93 wird eingefuegt...
93 wird eingefuegt...
93 wird eingefuegt...
93 wird eingefuegt...
93 wird eingefuegt...
93 wird eingefuegt...
93 wird eingefuegt...
92 wird eingefuegt...
92 wird eingefuegt...
Doppelterechtsrotation an Node: 87
Rechtsrotation an Node: 93
Linksrotation an Node: 87
92 wird eingefuegt...
92 wird eingefuegt...
92 wird eingefuegt...
92 wird eingefuegt...
92 wird eingefuegt...
92 wird eingefuegt...
95 wird eingefuegt...
95 wird eingefuegt...
95 wird eingefuegt...
Doppeltelinksrotation an Node: 257
Linksrotation an Node: 92
Rechtsrotation an Node: 257
95 wird eingefuegt...
95 wird eingefuegt...
95 wird eingefuegt...
95 wird eingefuegt...
95 wird eingefuegt...
94 wird eingefuegt...
94 wird eingefuegt...
94 wird eingefuegt...
94 wird eingefuegt...
94 wird eingefuegt...
94 wird eingefuegt...
94 wird eingefuegt...
Doppeltelinksrotation an Node: 275
Linksrotation an Node: 75
Rechtsrotation an Node: 275
94 wird eingefuegt...
91 wird eingefuegt...
91 wird eingefuegt...
Doppeltelinksrotation an Node: 92
Linksrotation an Node: 87
Rechtsrotation an Node: 92
91 wird eingefuegt...
91 wird eingefuegt...
91 wird eingefuegt...
91 wird eingefuegt...
91 wird eingefuegt...
90 wird eingefuegt...
90 wird eingefuegt...
90 wird eingefuegt...
90 wird eingefuegt...
90 wird eingefuegt...
90 wird eingefuegt...
90 wird eingefuegt...
102 wird eingefuegt...
102 wird eingefuegt...
102 wird eingefuegt...
102 wird eingefuegt...
102 wird eingefuegt...
102 wird eingefuegt...
102 wird eingefuegt...
103 wird eingefuegt...
103 wird eingefuegt...
103 wird eingefuegt...
Doppeltelinksrotation an Node: 257
Linksrotation an Node: 95
Rechtsrotation an Node: 257
103 wird eingefuegt...
103 wird eingefuegt...
103 wird eingefuegt...
103 wird eingefuegt...
103 wird eingefuegt...
100 wird eingefuegt...
100 wird eingefuegt...
100 wird eingefuegt...
100 wird eingefuegt...
100 wird eingefuegt...
100 wird eingefuegt...
100 wird eingefuegt...
99 wird eingefuegt...
99 wird eingefuegt...
99 wird eingefuegt...
99 wird eingefuegt...
99 wird eingefuegt...
Linksrotation an Node: 85
99 wird eingefuegt...
99 wird eingefuegt...
99 wird eingefuegt...
96 wird eingefuegt...
96 wird eingefuegt...
Rechtsrotation an Node: 100
96 wird eingefuegt...
96 wird eingefuegt...
96 wird eingefuegt...
96 wird eingefuegt...
96 wird eingefuegt...
96 wird eingefuegt...
97 wird eingefuegt...
97 wird eingefuegt...
97 wird eingefuegt...
Doppelterechtsrotation an Node: 95
Rechtsrotation an Node: 99
Linksrotation an Node: 95
97 wird eingefuegt...
97 wird eingefuegt...
97 wird eingefuegt...
97 wird eingefuegt...
97 wird eingefuegt...
110 wird eingefuegt...
110 wird eingefuegt...
110 wird eingefuegt...
110 wird eingefuegt...
110 wird eingefuegt...
110 wird eingefuegt...
110 wird eingefuegt...
111 wird eingefuegt...
111 wird eingefuegt...
Linksrotation an Node: 103
111 wird eingefuegt...
111 wird eingefuegt...
111 wird eingefuegt...
111 wird eingefuegt...
111 wird eingefuegt...
111 wird eingefuegt...
107 wird eingefuegt...
107 wird eingefuegt...
107 wird eingefuegt...
Rechtsrotation an Node: 257
107 wird eingefuegt...
107 wird eingefuegt...
107 wird eingefuegt...
107 wird eingefuegt...
107 wird eingefuegt...
104 wird eingefuegt...
104 wird eingefuegt...
Doppelterechtsrotation an Node: 103
Rechtsrotation an Node: 107
Linksrotation an Node: 103
104 wird eingefuegt...
104 wird eingefuegt...
104 wird eingefuegt...
104 wird eingefuegt...
104 wird eingefuegt...
104 wird eingefuegt...
105 wird eingefuegt...
105 wird eingefuegt...
105 wird eingefuegt...
105 wird eingefuegt...
105 wird eingefuegt...
105 wird eingefuegt...
105 wird eingefuegt...
105 wird eingefuegt...
Doppelterechtsrotation an Node: 50
Rechtsrotation an Node: 259
Linksrotation an Node: 50
119 wird eingefuegt...
119 wird eingefuegt...
119 wird eingefuegt...
119 wird eingefuegt...
119 wird eingefuegt...
119 wird eingefuegt...
119 wird eingefuegt...
118 wird eingefuegt...
118 wird eingefuegt...
Doppelterechtsrotation an Node: 111
Rechtsrotation an Node: 119
Linksrotation an Node: 111
118 wird eingefuegt...
118 wird eingefuegt...
118 wird eingefuegt...
118 wird eingefuegt...
118 wird eingefuegt...
118 wird eingefuegt...
115 wird eingefuegt...
115 wird eingefuegt...
115 wird eingefuegt...
Rechtsrotation an Node: 257
115 wird eingefuegt...
115 wird eingefuegt...
115 wird eingefuegt...
115 wird eingefuegt...
115 wird eingefuegt...
113 wird eingefuegt...
113 wird eingefuegt...
Doppelterechtsrotation an Node: 111
Rechtsrotation an Node: 115
Linksrotation an Node: 111
113 wird eingefuegt...
113 wird eingefuegt...
113 wird eingefuegt...
113 wird eingefuegt...
113 wird eingefuegt...
113 wird eingefuegt...
112 wird eingefuegt...
112 wird eingefuegt...
112 wird eingefuegt...
112 wird eingefuegt...
112 wird eingefuegt...
Linksrotation an Node: 102
112 wird eingefuegt...
112 wird eingefuegt...
112 wird eingefuegt...
127 wird eingefuegt...
127 wird eingefuegt...
127 wird eingefuegt...
127 wird eingefuegt...
127 wird eingefuegt...
127 wird eingefuegt...
127 wird eingefuegt...
126 wird eingefuegt...
126 wird eingefuegt...
Doppelterechtsrotation an Node: 119
Rechtsrotation an Node: 127
Linksrotation an Node: 119
126 wird eingefuegt...
126 wird eingefuegt...
126 wird eingefuegt...
126 wird eingefuegt...
126 wird eingefuegt...
126 wird eingefuegt...
124 wird eingefuegt...
124 wird eingefuegt...
124 wird eingefuegt...
Rechtsrotation an Node: 257
124 wird eingefuegt...
124 wird eingefuegt...
124 wird eingefuegt...
124 wird eingefuegt...
124 wird eingefuegt...
123 wird eingefuegt...
123 wird eingefuegt...
Doppelterechtsrotation an Node: 119
Rechtsrotation an Node: 124
Linksrotation an Node: 119
123 wird eingefuegt...
123 wird eingefuegt...
123 wird eingefuegt...
123 wird eingefuegt...
123 wird eingefuegt...
123 wird eingefuegt...
122 wird eingefuegt...
122 wird eingefuegt...
122 wird eingefuegt...
122 wird eingefuegt...
122 wird eingefuegt...
122 wird eingefuegt...
Linksrotation an Node: 93
122 wird eingefuegt...
122 wird eingefuegt...
120 wird eingefuegt...
120 wird eingefuegt...
Doppelterechtsrotation an Node: 119
Rechtsrotation an Node: 122
Linksrotation an Node: 119
120 wird eingefuegt...
120 wird eingefuegt...
120 wird eingefuegt...
120 wird eingefuegt...
120 wird eingefuegt...
120 wird eingefuegt...
136 wird eingefuegt...
136 wird eingefuegt...
136 wird eingefuegt...
136 wird eingefuegt...
136 wird eingefuegt...
136 wird eingefuegt...
136 wird eingefuegt...
141 wird eingefuegt...
141 wird eingefuegt...
Linksrotation an Node: 127
141 wird eingefuegt...
141 wird eingefuegt...
141 wird eingefuegt...
141 wird eingefuegt...
141 wird eingefuegt...
141 wird eingefuegt...
140 wird eingefuegt...
140 wird eingefuegt...
140 wird eingefuegt...
Doppeltelinksrotation an Node: 257
Linksrotation an Node: 136
Rechtsrotation an Node: 257
140 wird eingefuegt...
140 wird eingefuegt...
140 wird eingefuegt...
140 wird eingefuegt...
140 wird eingefuegt...
142 wird eingefuegt...
142 wird eingefuegt...
142 wird eingefuegt...
142 wird eingefuegt...
142 wird eingefuegt...
142 wird eingefuegt...
142 wird eingefuegt...
129 wird eingefuegt...
129 wird eingefuegt...
129 wird eingefuegt...
129 wird eingefuegt...
129 wird eingefuegt...
Linksrotation an Node: 118
129 wird eingefuegt...
129 wird eingefuegt...
129 wird eingefuegt...
128 wird eingefuegt...
128 wird eingefuegt...
Doppelterechtsrotation an Node: 127
Rechtsrotation an Node: 129
Linksrotation an Node: 127
128 wird eingefuegt...
128 wird eingefuegt...
128 wird eingefuegt...
128 wird eingefuegt...
128 wird eingefuegt...
128 wird eingefuegt...
131 wird eingefuegt...
131 wird eingefuegt...
131 wird eingefuegt...
Doppeltelinksrotation an Node: 136
Linksrotation an Node: 128
Rechtsrotation an Node: 136
131 wird eingefuegt...
131 wird eingefuegt...
131 wird eingefuegt...
131 wird eingefuegt...
131 wird eingefuegt...
130 wird eingefuegt...
130 wird eingefuegt...
130 wird eingefuegt...
130 wird eingefuegt...
Doppeltelinksrotation an Node: 141
Linksrotation an Node: 129
Rechtsrotation an Node: 141
130 wird eingefuegt...
130 wird eingefuegt...
130 wird eingefuegt...
130 wird eingefuegt...
152 wird eingefuegt...
152 wird eingefuegt...
152 wird eingefuegt...
Doppelterechtsrotation an Node: 141
Rechtsrotation an Node: 257
Linksrotation an Node: 141
152 wird eingefuegt...
152 wird eingefuegt...
152 wird eingefuegt...
152 wird eingefuegt...
152 wird eingefuegt...
153 wird eingefuegt...
153 wird eingefuegt...
153 wird eingefuegt...
153 wird eingefuegt...
153 wird eingefuegt...
153 wird eingefuegt...
153 wird eingefuegt...
153 wird eingefuegt...
154 wird eingefuegt...
154 wird eingefuegt...
Linksrotation an Node: 152
154 wird eingefuegt...
154 wird eingefuegt...
154 wird eingefuegt...
154 wird eingefuegt...
154 wird eingefuegt...
154 wird eingefuegt...
154 wird eingefuegt...
155 wird eingefuegt...
155 wird eingefuegt...
155 wird eingefuegt...
Doppeltelinksrotation an Node: 257
Linksrotation an Node: 153
Rechtsrotation an Node: 257
155 wird eingefuegt...
155 wird eingefuegt...
155 wird eingefuegt...
155 wird eingefuegt...
155 wird eingefuegt...
155 wird eingefuegt...
157 wird eingefuegt...
157 wird eingefuegt...
157 wird eingefuegt...
157 wird eingefuegt...
Linksrotation an Node: 142
157 wird eingefuegt...
157 wird eingefuegt...
157 wird eingefuegt...
157 wird eingefuegt...
157 wird eingefuegt...
158 wird eingefuegt...
158 wird eingefuegt...
Linksrotation an Node: 155
158 wird eingefuegt...
158 wird eingefuegt...
158 wird eingefuegt...
158 wird eingefuegt...
158 wird eingefuegt...
158 wird eingefuegt...
158 wird eingefuegt...
159 wird eingefuegt...
159 wird eingefuegt...
159 wird eingefuegt...
Doppeltelinksrotation an Node: 257
Linksrotation an Node: 157
Rechtsrotation an Node: 257
159 wird eingefuegt...
159 wird eingefuegt...
159 wird eingefuegt...
159 wird eingefuegt...
159 wird eingefuegt...
159 wird eingefuegt...
145 wird eingefuegt...
145 wird eingefuegt...
Rechtsrotation an Node: 153
145 wird eingefuegt...
145 wird eingefuegt...
145 wird eingefuegt...
145 wird eingefuegt...
145 wird eingefuegt...
145 wird eingefuegt...
145 wird eingefuegt...
146 wird eingefuegt...
146 wird eingefuegt...
146 wird eingefuegt...
146 wird eingefuegt...
146 wird eingefuegt...
Doppelterechtsrotation an Node: 136
Rechtsrotation an Node: 154
Linksrotation an Node: 136
146 wird eingefuegt...
146 wird eingefuegt...
146 wird eingefuegt...
146 wird eingefuegt...
148 wird eingefuegt...
148 wird eingefuegt...
Linksrotation an Node: 145
148 wird eingefuegt...
148 wird eingefuegt...
148 wird eingefuegt...
148 wird eingefuegt...
148 wird eingefuegt...
148 wird eingefuegt...
148 wird eingefuegt...
149 wird eingefuegt...
149 wird eingefuegt...
149 wird eingefuegt...
Doppeltelinksrotation an Node: 152
Linksrotation an Node: 146
Rechtsrotation an Node: 152
149 wird eingefuegt...
149 wird eingefuegt...
149 wird eingefuegt...
149 wird eingefuegt...
149 wird eingefuegt...
149 wird eingefuegt...
151 wird eingefuegt...
151 wird eingefuegt...
151 wird eingefuegt...
151 wird eingefuegt...
151 wird eingefuegt...
151 wird eingefuegt...
Linksrotation an Node: 126
151 wird eingefuegt...
151 wird eingefuegt...
151 wird eingefuegt...
171 wird eingefuegt...
171 wird eingefuegt...
171 wird eingefuegt...
171 wird eingefuegt...
171 wird eingefuegt...
171 wird eingefuegt...
171 wird eingefuegt...
171 wird eingefuegt...
170 wird eingefuegt...
170 wird eingefuegt...
Doppelterechtsrotation an Node: 159
Rechtsrotation an Node: 171
Linksrotation an Node: 159
170 wird eingefuegt...
170 wird eingefuegt...
170 wird eingefuegt...
170 wird eingefuegt...
170 wird eingefuegt...
170 wird eingefuegt...
170 wird eingefuegt...
168 wird eingefuegt...
168 wird eingefuegt...
168 wird eingefuegt...
Rechtsrotation an Node: 257
168 wird eingefuegt...
168 wird eingefuegt...
168 wird eingefuegt...
168 wird eingefuegt...
168 wird eingefuegt...
168 wird eingefuegt...
175 wird eingefuegt...
175 wird eingefuegt...
175 wird eingefuegt...
175 wird eingefuegt...
Linksrotation an Node: 158
175 wird eingefuegt...
175 wird eingefuegt...
175 wird eingefuegt...
175 wird eingefuegt...
175 wird eingefuegt...
174 wird eingefuegt...
174 wird eingefuegt...
Doppelterechtsrotation an Node: 171
Rechtsrotation an Node: 175
Linksrotation an Node: 171
174 wird eingefuegt...
174 wird eingefuegt...
174 wird eingefuegt...
174 wird eingefuegt...
174 wird eingefuegt...
174 wird eingefuegt...
174 wird eingefuegt...
172 wird eingefuegt...
172 wird eingefuegt...
172 wird eingefuegt...
Rechtsrotation an Node: 257
172 wird eingefuegt...
172 wird eingefuegt...
172 wird eingefuegt...
172 wird eingefuegt...
172 wird eingefuegt...
172 wird eingefuegt...
166 wird eingefuegt...
166 wird eingefuegt...
Doppelterechtsrotation an Node: 159
Rechtsrotation an Node: 168
Linksrotation an Node: 159
166 wird eingefuegt...
166 wird eingefuegt...
166 wird eingefuegt...
166 wird eingefuegt...
166 wird eingefuegt...
166 wird eingefuegt...
166 wird eingefuegt...
165 wird eingefuegt...
165 wird eingefuegt...
165 wird eingefuegt...
165 wird eingefuegt...
165 wird eingefuegt...
165 wird eingefuegt...
165 wird eingefuegt...
Linksrotation an Node: 110
165 wird eingefuegt...
165 wird eingefuegt...
184 wird eingefuegt...
184 wird eingefuegt...
184 wird eingefuegt...
184 wird eingefuegt...
184 wird eingefuegt...
184 wird eingefuegt...
184 wird eingefuegt...
184 wird eingefuegt...
185 wird eingefuegt...
185 wird eingefuegt...
Linksrotation an Node: 175
185 wird eingefuegt...
185 wird eingefuegt...
185 wird eingefuegt...
185 wird eingefuegt...
185 wird eingefuegt...
185 wird eingefuegt...
185 wird eingefuegt...
190 wird eingefuegt...
190 wird eingefuegt...
190 wird eingefuegt...
Doppeltelinksrotation an Node: 257
Linksrotation an Node: 184
Rechtsrotation an Node: 257
190 wird eingefuegt...
190 wird eingefuegt...
190 wird eingefuegt...
190 wird eingefuegt...
190 wird eingefuegt...
190 wird eingefuegt...
189 wird eingefuegt...
189 wird eingefuegt...
189 wird eingefuegt...
189 wird eingefuegt...
Linksrotation an Node: 174
189 wird eingefuegt...
189 wird eingefuegt...
189 wird eingefuegt...
189 wird eingefuegt...
189 wird eingefuegt...
176 wird eingefuegt...
176 wird eingefuegt...
Doppeltelinksrotation an Node: 184
Linksrotation an Node: 175
Rechtsrotation an Node: 184
176 wird eingefuegt...
176 wird eingefuegt...
176 wird eingefuegt...
176 wird eingefuegt...
176 wird eingefuegt...
176 wird eingefuegt...
176 wird eingefuegt...
182 wird eingefuegt...
182 wird eingefuegt...
182 wird eingefuegt...
182 wird eingefuegt...
182 wird eingefuegt...
182 wird eingefuegt...
Linksrotation an Node: 154
182 wird eingefuegt...
182 wird eingefuegt...
182 wird eingefuegt...
180 wird eingefuegt...
180 wird eingefuegt...
Rechtsrotation an Node: 184
180 wird eingefuegt...
180 wird eingefuegt...
180 wird eingefuegt...
180 wird eingefuegt...
180 wird eingefuegt...
180 wird eingefuegt...
180 wird eingefuegt...
205 wird eingefuegt...
205 wird eingefuegt...
205 wird eingefuegt...
205 wird eingefuegt...
205 wird eingefuegt...
205 wird eingefuegt...
205 wird eingefuegt...
202 wird eingefuegt...
202 wird eingefuegt...
202 wird eingefuegt...
Doppeltelinksrotation an Node: 257
Linksrotation an Node: 190
Rechtsrotation an Node: 257
202 wird eingefuegt...
202 wird eingefuegt...
202 wird eingefuegt...
202 wird eingefuegt...
202 wird eingefuegt...
197 wird eingefuegt...
197 wird eingefuegt...
197 wird eingefuegt...
197 wird eingefuegt...
197 wird eingefuegt...
197 wird eingefuegt...
197 wird eingefuegt...
197 wird eingefuegt...
198 wird eingefuegt...
198 wird eingefuegt...
Doppeltelinksrotation an Node: 202
Linksrotation an Node: 197
Rechtsrotation an Node: 202
198 wird eingefuegt...
198 wird eingefuegt...
198 wird eingefuegt...
198 wird eingefuegt...
198 wird eingefuegt...
198 wird eingefuegt...
198 wird eingefuegt...
193 wird eingefuegt...
193 wird eingefuegt...
193 wird eingefuegt...
Doppelterechtsrotation an Node: 190
Rechtsrotation an Node: 198
Linksrotation an Node: 190
193 wird eingefuegt...
193 wird eingefuegt...
193 wird eingefuegt...
193 wird eingefuegt...
193 wird eingefuegt...
193 wird eingefuegt...
192 wird eingefuegt...
192 wird eingefuegt...
192 wird eingefuegt...
192 wird eingefuegt...
Rechtsrotation an Node: 205
192 wird eingefuegt...
192 wird eingefuegt...
192 wird eingefuegt...
192 wird eingefuegt...
192 wird eingefuegt...
195 wird eingefuegt...
195 wird eingefuegt...
195 wird eingefuegt...
195 wird eingefuegt...
195 wird eingefuegt...
195 wird eingefuegt...
195 wird eingefuegt...
195 wird eingefuegt...
194 wird eingefuegt...
194 wird eingefuegt...
194 wird eingefuegt...
Linksrotation an Node: 190
194 wird eingefuegt...
194 wird eingefuegt...
194 wird eingefuegt...
194 wird eingefuegt...
194 wird eingefuegt...
194 wird eingefuegt...
222 wird eingefuegt...
222 wird eingefuegt...
222 wird eingefuegt...
222 wird eingefuegt...
222 wird eingefuegt...
222 wird eingefuegt...
222 wird eingefuegt...
222 wird eingefuegt...
223 wird eingefuegt...
223 wird eingefuegt...
223 wird eingefuegt...
223 wird eingefuegt...
223 wird eingefuegt...
223 wird eingefuegt...
223 wird eingefuegt...
223 wird eingefuegt...
Doppeltelinksrotation an Node: 259
Linksrotation an Node: 142
Rechtsrotation an Node: 259
223 wird eingefuegt...
216 wird eingefuegt...
216 wird eingefuegt...
216 wird eingefuegt...
216 wird eingefuegt...
216 wird eingefuegt...
216 wird eingefuegt...
216 wird eingefuegt...
216 wird eingefuegt...
217 wird eingefuegt...
217 wird eingefuegt...
217 wird eingefuegt...
Rechtsrotation an Node: 257
217 wird eingefuegt...
217 wird eingefuegt...
217 wird eingefuegt...
217 wird eingefuegt...
217 wird eingefuegt...
217 wird eingefuegt...
218 wird eingefuegt...
218 wird eingefuegt...
Linksrotation an Node: 216
218 wird eingefuegt...
218 wird eingefuegt...
218 wird eingefuegt...
218 wird eingefuegt...
218 wird eingefuegt...
218 wird eingefuegt...
218 wird eingefuegt...
212 wird eingefuegt...
212 wird eingefuegt...
212 wird eingefuegt...
212 wird eingefuegt...
Doppelterechtsrotation an Node: 205
Rechtsrotation an Node: 222
Linksrotation an Node: 205
212 wird eingefuegt...
212 wird eingefuegt...
212 wird eingefuegt...
212 wird eingefuegt...
212 wird eingefuegt...
214 wird eingefuegt...
214 wird eingefuegt...
Doppeltelinksrotation an Node: 216
Linksrotation an Node: 212
Rechtsrotation an Node: 216
214 wird eingefuegt...
214 wird eingefuegt...
214 wird eingefuegt...
214 wird eingefuegt...
214 wird eingefuegt...
214 wird eingefuegt...
214 wird eingefuegt...
208 wird eingefuegt...
208 wird eingefuegt...
208 wird eingefuegt...
208 wird eingefuegt...
208 wird eingefuegt...
Doppelterechtsrotation an Node: 197
Rechtsrotation an Node: 217
Linksrotation an Node: 197
208 wird eingefuegt...
208 wird eingefuegt...
208 wird eingefuegt...
208 wird eingefuegt...
211 wird eingefuegt...
211 wird eingefuegt...
Doppeltelinksrotation an Node: 212
Linksrotation an Node: 208
Rechtsrotation an Node: 212
211 wird eingefuegt...
211 wird eingefuegt...
211 wird eingefuegt...
211 wird eingefuegt...
211 wird eingefuegt...
211 wird eingefuegt...
211 wird eingefuegt...
239 wird eingefuegt...
239 wird eingefuegt...
239 wird eingefuegt...
Doppelterechtsrotation an Node: 222
Rechtsrotation an Node: 257
Linksrotation an Node: 222
239 wird eingefuegt...
239 wird eingefuegt...
239 wird eingefuegt...
239 wird eingefuegt...
239 wird eingefuegt...
239 wird eingefuegt...
237 wird eingefuegt...
237 wird eingefuegt...
237 wird eingefuegt...
237 wird eingefuegt...
237 wird eingefuegt...
237 wird eingefuegt...
Linksrotation an Node: 185
237 wird eingefuegt...
237 wird eingefuegt...
237 wird eingefuegt...
236 wird eingefuegt...
236 wird eingefuegt...
Rechtsrotation an Node: 239
236 wird eingefuegt...
236 wird eingefuegt...
236 wird eingefuegt...
236 wird eingefuegt...
236 wird eingefuegt...
236 wird eingefuegt...
236 wird eingefuegt...
235 wird eingefuegt...
235 wird eingefuegt...
235 wird eingefuegt...
Rechtsrotation an Node: 257
235 wird eingefuegt...
235 wird eingefuegt...
235 wird eingefuegt...
235 wird eingefuegt...
235 wird eingefuegt...
235 wird eingefuegt...
230 wird eingefuegt...
230 wird eingefuegt...
Rechtsrotation an Node: 236
230 wird eingefuegt...
230 wird eingefuegt...
230 wird eingefuegt...
230 wird eingefuegt...
230 wird eingefuegt...
230 wird eingefuegt...
230 wird eingefuegt...
229 wird eingefuegt...
229 wird eingefuegt...
229 wird eingefuegt...
229 wird eingefuegt...
Doppelterechtsrotation an Node: 223
Rechtsrotation an Node: 237
Linksrotation an Node: 223
229 wird eingefuegt...
229 wird eingefuegt...
229 wird eingefuegt...
229 wird eingefuegt...
229 wird eingefuegt...
227 wird eingefuegt...
227 wird eingefuegt...
Rechtsrotation an Node: 230
227 wird eingefuegt...
227 wird eingefuegt...
227 wird eingefuegt...
227 wird eingefuegt...
227 wird eingefuegt...
227 wird eingefuegt...
227 wird eingefuegt...
225 wird eingefuegt...
225 wird eingefuegt...
225 wird eingefuegt...
225 wird eingefuegt...
225 wird eingefuegt...
Doppelterechtsrotation an Node: 217
Rechtsrotation an Node: 235
Linksrotation an Node: 217
225 wird eingefuegt...
225 wird eingefuegt...
225 wird eingefuegt...
225 wird eingefuegt...
224 wird eingefuegt...
224 wird eingefuegt...
Rechtsrotation an Node: 227
224 wird eingefuegt...
224 wird eingefuegt...
224 wird eingefuegt...
224 wird eingefuegt...
224 wird eingefuegt...
224 wird eingefuegt...
224 wird eingefuegt...
254 wird eingefuegt...
254 wird eingefuegt...
254 wird eingefuegt...
Doppelterechtsrotation an Node: 237
Rechtsrotation an Node: 257
Linksrotation an Node: 237
254 wird eingefuegt...
254 wird eingefuegt...
254 wird eingefuegt...
254 wird eingefuegt...
254 wird eingefuegt...
254 wird eingefuegt...
253 wird eingefuegt...
253 wird eingefuegt...
253 wird eingefuegt...
253 wird eingefuegt...
253 wird eingefuegt...
253 wird eingefuegt...
253 wird eingefuegt...
253 wird eingefuegt...
253 wird eingefuegt...
Linksrotation an Node: 75
248 wird eingefuegt...
248 wird eingefuegt...
Rechtsrotation an Node: 254
248 wird eingefuegt...
248 wird eingefuegt...
248 wird eingefuegt...
248 wird eingefuegt...
248 wird eingefuegt...
248 wird eingefuegt...
248 wird eingefuegt...
246 wird eingefuegt...
246 wird eingefuegt...
246 wird eingefuegt...
Rechtsrotation an Node: 257
246 wird eingefuegt...
246 wird eingefuegt...
246 wird eingefuegt...
246 wird eingefuegt...
246 wird eingefuegt...
246 wird eingefuegt...
247 wird eingefuegt...
247 wird eingefuegt...
Doppeltelinksrotation an Node: 248
Linksrotation an Node: 246
Rechtsrotation an Node: 248
247 wird eingefuegt...
247 wird eingefuegt...
247 wird eingefuegt...
247 wird eingefuegt...
247 wird eingefuegt...
247 wird eingefuegt...
247 wird eingefuegt...
244 wird eingefuegt...
244 wird eingefuegt...
244 wird eingefuegt...
244 wird eingefuegt...
Doppelterechtsrotation an Node: 239
Rechtsrotation an Node: 253
Linksrotation an Node: 239
244 wird eingefuegt...
244 wird eingefuegt...
244 wird eingefuegt...
244 wird eingefuegt...
244 wird eingefuegt...
245 wird eingefuegt...
245 wird eingefuegt...
Doppeltelinksrotation an Node: 246
Linksrotation an Node: 244
Rechtsrotation an Node: 246
245 wird eingefuegt...
245 wird eingefuegt...
245 wird eingefuegt...
245 wird eingefuegt...
245 wird eingefuegt...
245 wird eingefuegt...
245 wird eingefuegt...
243 wird eingefuegt...
243 wird eingefuegt...
243 wird eingefuegt...
243 wird eingefuegt...
243 wird eingefuegt...
Doppelterechtsrotation an Node: 235
Rechtsrotation an Node: 247
Linksrotation an Node: 235
243 wird eingefuegt...
243 wird eingefuegt...
243 wird eingefuegt...
243 wird eingefuegt...
240 wird eingefuegt...
240 wird eingefuegt...
Rechtsrotation an Node: 244
240 wird eingefuegt...
240 wird eingefuegt...
240 wird eingefuegt...
240 wird eingefuegt...
240 wird eingefuegt...
240 wird eingefuegt...
240 wird eingefuegt...
241 wird eingefuegt...
241 wird eingefuegt...
241 wird eingefuegt...
Rechtsrotation an Node: 245
241 wird eingefuegt...
241 wird eingefuegt...
241 wird eingefuegt...
241 wird eingefuegt...
241 wird eingefuegt...
241 wird eingefuegt...
103 wird gelöscht...
5 wird gelöscht...
74 wird gelöscht...
280 wird gelöscht...
189 wird gelöscht...
123 wird gelöscht...
35 wird gelöscht...
97 wird gelöscht...
48 wird gelöscht...
247 wird gelöscht...
148 wird gelöscht...
174 wird gelöscht...
41 wird gelöscht...
55 wird gelöscht...
185 wird gelöscht...
68 wird gelöscht...
269 wird gelöscht...
95 wird gelöscht...
281 wird gelöscht...
266 wird gelöscht...
119 wird gelöscht...
130 wird gelöscht...
66 wird gelöscht...
9 wird gelöscht...
30 wird gelöscht...
